#
# There is insufficient memory for the Java Runtime Environment to continue.
# Native memory allocation (malloc) failed to allocate 1048576 bytes for AllocateHeap
# Possible reasons:
#   The system is out of physical RAM or swap space
#   In 32 bit mode, the process size limit was hit
# Possible solutions:
#   Reduce memory load on the system
#   Increase physical memory or swap space
#   Check if swap backing store is full
#   Use 64 bit Java on a 64 bit OS
#   Decrease Java heap size (-Xmx/-Xms)
#   Decrease number of Java threads
#   Decrease Java thread stack sizes (-Xss)
#   Set larger code cache with -XX:ReservedCodeCacheSize=
# This output file may be truncated or incomplete.
#
#  Out of Memory Error (memory/allocation.inline.hpp:61), pid=16852, tid=0x00000000000053ac
#
# JRE version:  (8.0_121-b13) (build )
# Java VM: Java HotSpot(TM) 64-Bit Server VM (25.121-b13 mixed mode windows-amd64 compressed oops)
# Failed to write core dump. Minidumps are not enabled by default on client versions of Windows
#

---------------  T H R E A D  ---------------

Current thread (0x0000000002af0800):  JavaThread "Unknown thread" [_thread_in_vm, id=21420, stack(0x00000000029f0000,0x0000000002af0000)]

Stack: [0x00000000029f0000,0x0000000002af0000]
[error occurred during error reporting (printing stack bounds), id 0xc0000005]

Native frames: (J=compiled Java code, j=interpreted, Vv=VM code, C=native code)


---------------  P R O C E S S  ---------------

Java Threads: ( => current thread )

Other Threads:

=>0x0000000002af0800 (exited) JavaThread "Unknown thread" [_thread_in_vm, id=21420, stack(0x00000000029f0000,0x0000000002af0000)]

VM state:not at safepoint (normal execution)

VM Mutex/Monitor currently owned by a thread: None

Heap:
 PSYoungGen      total 38400K, used 665K [0x00000000d5b80000, 0x00000000d8600000, 0x0000000100000000)
  eden space 33280K, 2% used [0x00000000d5b80000,0x00000000d5c26670,0x00000000d7c00000)
  from space 5120K, 0% used [0x00000000d8100000,0x00000000d8100000,0x00000000d8600000)
  to   space 5120K, 0% used [0x00000000d7c00000,0x00000000d7c00000,0x00000000d8100000)
 ParOldGen       total 87552K, used 0K [0x0000000081200000, 0x0000000086780000, 0x00000000d5b80000)
  object space 87552K, 0% used [0x0000000081200000,0x0000000081200000,0x0000000086780000)
 Metaspace       used 746K, capacity 4480K, committed 4480K, reserved 1056768K
  class space    used 75K, capacity 384K, committed 384K, reserved 1048576K

Card table byte_map: [0x0000000011fb0000,0x00000000123b0000] byte_map_base: 0x0000000011ba7000

Marking Bits: (ParMarkBitMap*) 0x000000007037b6d0
 Begin Bits: [0x0000000012e60000, 0x0000000014e18000)
 End Bits:   [0x0000000014e18000, 0x0000000016dd0000)

Polling page: 0x00000000025b0000

CodeCache: size=245760Kb used=328Kb max_used=328Kb free=245431Kb
 bounds [0x0000000002bf0000, 0x0000000002e60000, 0x0000000011bf0000]
 total_blobs=58 nmethods=0 adapters=38
 compilation: enabled

Compilation events (0 events):
No events

GC Heap History (0 events):
No events

Deoptimization events (0 events):
No events

Internal exceptions (0 events):
No events

Events (10 events):
Event: 0.051 loading class java/lang/Short
Event: 0.051 loading class java/lang/Short done
Event: 0.051 loading class java/lang/Integer
Event: 0.051 loading class java/lang/Integer done
Event: 0.051 loading class java/lang/Long
Event: 0.051 loading class java/lang/Long done
Event: 0.054 loading class java/lang/NullPointerException
Event: 0.055 loading class java/lang/NullPointerException done
Event: 0.055 loading class java/lang/ArithmeticException
Event: 0.055 loading class java/lang/ArithmeticException done


Dynamic libraries:
0x00007ff6836d0000 - 0x00007ff683707000 	C:\Program Files\Java\jre1.8.0_121\bin\javaw.exe
0x00007ffaee390000 - 0x00007ffaee56b000 	C:\WINDOWS\SYSTEM32\ntdll.dll
0x00007ffaeb950000 - 0x00007ffaeb9fe000 	C:\WINDOWS\System32\KERNEL32.DLL
0x00007ffaeb6a0000 - 0x00007ffaeb8e9000 	C:\WINDOWS\System32\KERNELBASE.dll
0x00007ffaedc60000 - 0x00007ffaedd01000 	C:\WINDOWS\System32\ADVAPI32.dll
0x00007ffaebfb0000 - 0x00007ffaec04d000 	C:\WINDOWS\System32\msvcrt.dll
0x00007ffaec4b0000 - 0x00007ffaec509000 	C:\WINDOWS\System32\sechost.dll
0x00007ffaee240000 - 0x00007ffaee365000 	C:\WINDOWS\System32\RPCRT4.dll
0x00007ffaee0e0000 - 0x00007ffaee22a000 	C:\WINDOWS\System32\USER32.dll
0x00007ffaeb370000 - 0x00007ffaeb38e000 	C:\WINDOWS\System32\win32u.dll
0x00007ffaeba80000 - 0x00007ffaebaa7000 	C:\WINDOWS\System32\GDI32.dll
0x00007ffaeb390000 - 0x00007ffaeb519000 	C:\WINDOWS\System32\gdi32full.dll
0x00007ffaeb100000 - 0x00007ffaeb19a000 	C:\WINDOWS\System32\msvcp_win.dll
0x00007ffaeb000000 - 0x00007ffaeb0f6000 	C:\WINDOWS\System32\ucrtbase.dll
0x00007ffae06b0000 - 0x00007ffae0917000 	C:\WINDOWS\WinSxS\amd64_microsoft.windows.common-controls_6595b64144ccf1df_6.0.15063.0_none_108e4f62dfe5d999\COMCTL32.dll
0x00007ffaedd10000 - 0x00007ffaee009000 	C:\WINDOWS\System32\combase.dll
0x00007ffaeb630000 - 0x00007ffaeb69a000 	C:\WINDOWS\System32\bcryptPrimitives.dll
0x00007ffaec2e0000 - 0x00007ffaec30d000 	C:\WINDOWS\System32\IMM32.DLL
0x000000006f9b0000 - 0x000000006fa82000 	C:\Program Files\Java\jre1.8.0_121\bin\msvcr100.dll
0x000000006fb60000 - 0x00000000703fb000 	C:\Program Files\Java\jre1.8.0_121\bin\server\jvm.dll
0x00007ffaee010000 - 0x00007ffaee018000 	C:\WINDOWS\System32\PSAPI.DLL
0x00007ffae2840000 - 0x00007ffae2863000 	C:\WINDOWS\SYSTEM32\WINMM.dll
0x00007ffadd420000 - 0x00007ffadd429000 	C:\WINDOWS\SYSTEM32\WSOCK32.dll
0x00007ffadfc80000 - 0x00007ffadfc8a000 	C:\WINDOWS\SYSTEM32\VERSION.dll
0x00007ffaec100000 - 0x00007ffaec16c000 	C:\WINDOWS\System32\WS2_32.dll
0x00007ffae2640000 - 0x00007ffae266b000 	C:\WINDOWS\SYSTEM32\WINMMBASE.dll
0x00007ffaeafb0000 - 0x00007ffaeaff9000 	C:\WINDOWS\System32\cfgmgr32.dll
0x000000006fb50000 - 0x000000006fb5f000 	C:\Program Files\Java\jre1.8.0_121\bin\verify.dll
0x000000006fb20000 - 0x000000006fb49000 	C:\Program Files\Java\jre1.8.0_121\bin\java.dll
0x000000006fb00000 - 0x000000006fb16000 	C:\Program Files\Java\jre1.8.0_121\bin\zip.dll

VM Arguments:
jvm_args: -Dfile.encoding=GBK 
java_command: controller.Main
java_class_path (initial): C:\Users\malusama\workspace\sharks-fish\bin
Launcher Type: SUN_STANDARD

Environment Variables:
PATH=C:/Program Files/Java/jre1.8.0_121/bin/server;C:/Program Files/Java/jre1.8.0_121/bin;C:/Program Files/Java/jre1.8.0_121/lib/amd64;C:\ProgramData\Oracle\Java\javapath;C:\Windows\system32;C:\Windows;C:\Windows\System32\Wbem;C:\Windows\System32\WindowsPowerShell\v1.0\;C:\Program Files\Intel\WiFi\bin\;C:\Program Files\Common Files\Intel\WirelessCommon\;C:\Program Files (x86)\NVIDIA Corporation\PhysX\Common;C:\Program Files (x86)\Xoreax\IncrediBuild;C:\Users\malusama\AppData\Local\Programs\Python\Python35;C:\Program Files\nodejs\;C:\WINDOWS\system32;C:\WINDOWS;C:\WINDOWS\System32\Wbem;C:\WINDOWS\System32\WindowsPowerShell\v1.0\;C:\Program Files\MySQL\MySQL Utilities 1.6\;C:\Program Files (x86)\Windows Kits\10\Windows Performance Toolkit\;C:\Program Files\Git\cmd;C:\Program Files\Intel\WiFi\bin\;C:\Program Files\Common Files\Intel\WirelessCommon\;C:\Users\malusama\AppData\Local\Programs\Python\Python35;C:\Users\malusama\AppData\Roaming\npm;C:\Users\malusama\AppData\Local\Microsoft\WindowsApps;C:\Users\malusama\AppData\Local\Programs\Python\Python35\Scripts;C:\Program Files\MySQL\MySQL Server 5.7\bin;;C:\Users\malusama\Desktop;
USERNAME=malusama
OS=Windows_NT
PROCESSOR_IDENTIFIER=Intel64 Family 6 Model 60 Stepping 3, GenuineIntel



---------------  S Y S T E M  ---------------

OS: Windows 10.0 , 64 bit Build 15063 (10.0.15063.0)

CPU:total 8 (4 cores per cpu, 2 threads per core) family 6 model 60 stepping 3, cmov, cx8, fxsr, mmx, sse, sse2, sse3, ssse3, sse4.1, sse4.2, popcnt, avx, avx2, aes, clmul, erms, lzcnt, ht, tsc, tscinvbit, bmi1, bmi2

Memory: 4k page, physical 8313132k(1776276k free), swap 23765376k(6000k free)

vm_info: Java HotSpot(TM) 64-Bit Server VM (25.121-b13) for windows-amd64 JRE (1.8.0_121-b13), built on Dec 12 2016 18:21:36 by "java_re" with MS VC++ 10.0 (VS2010)

time: Sat Apr 01 21:26:37 2017
elapsed time: 0 seconds (0d 0h 0m 0s)

